[04-May-2019 23:08:02] NOTICE: fpm is running, pid 14
[04-May-2019 23:08:02] NOTICE: ready to handle connections
[04-May-2019 23:28:01] NOTICE: Terminating ...
[04-May-2019 23:28:01] NOTICE: exiting, bye-bye!
[04-May-2019 23:53:55] NOTICE: fpm is running, pid 25
[04-May-2019 23:53:55] NOTICE: ready to handle connections
[08-May-2019 14:20:32] WARNING: [pool www] server reached pm.max_children setting (5), consider raising it
[11-May-2019 14:24:17] NOTICE: Terminating ...
[11-May-2019 14:24:17] NOTICE: exiting, bye-bye!
[11-May-2019 15:04:18] NOTICE: fpm is running, pid 25
[11-May-2019 15:04:18] NOTICE: ready to handle connections
[11-May-2019 17:23:01] NOTICE: Terminating ...
[11-May-2019 17:23:01] NOTICE: exiting, bye-bye!
[12-May-2019 15:21:05] NOTICE: fpm is running, pid 25
[12-May-2019 15:21:05] NOTICE: ready to handle connections
[14-May-2019 12:57:26] NOTICE: fpm is running, pid 8
[14-May-2019 12:57:26] NOTICE: ready to handle connections
[15-May-2019 16:24:50] NOTICE: fpm is running, pid 8
[15-May-2019 16:24:50] NOTICE: ready to handle connections
[17-May-2019 17:04:14] NOTICE: fpm is running, pid 8
[17-May-2019 17:04:14] NOTICE: ready to handle connections
[17-May-2019 17:05:00] NOTICE: Terminating ...
[17-May-2019 17:05:00] NOTICE: exiting, bye-bye!
[09-Aug-2019 02:04:51] NOTICE: fpm is running, pid 21
[09-Aug-2019 02:04:51] NOTICE: ready to handle connections
[09-Aug-2019 23:40:16] NOTICE: Terminating ...
[09-Aug-2019 23:40:16] NOTICE: exiting, bye-bye!
[09-Aug-2019 23:58:18] NOTICE: fpm is running, pid 8
[09-Aug-2019 23:58:18] NOTICE: ready to handle connections
[10-Aug-2019 20:08:35] NOTICE: Terminating ...
[10-Aug-2019 20:08:35] NOTICE: exiting, bye-bye!
[16-Aug-2019 16:22:12] NOTICE: fpm is running, pid 25
[16-Aug-2019 16:22:12] NOTICE: ready to handle connections
